{"/mnt/f/UNI/PROGRAMACION/PROGRAMACION III/Proyectos/TP N°4/tp4-API-REST/controllers/alumno.controller.js": {"path":"/mnt/f/UNI/PROGRAMACION/PROGRAMACION III/Proyectos/TP N°4/tp4-API-REST/controllers/alumno.controller.js","statementMap":{"0":{"start":{"line":1,"column":11},"end":{"line":1,"column":33}},"1":{"start":{"line":2,"column":24},"end":{"line":2,"column":57}},"2":{"start":{"line":4,"column":21},"end":{"line":16,"column":1}},"3":{"start":{"line":5,"column":2},"end":{"line":15,"column":3}},"4":{"start":{"line":6,"column":17},"end":{"line":6,"column":65}},"5":{"start":{"line":7,"column":20},"end":{"line":7,"column":36}},"6":{"start":{"line":9,"column":4},"end":{"line":9,"column":null}},"7":{"start":{"line":11,"column":4},"end":{"line":11,"column":null}},"8":{"start":{"line":12,"column":4},"end":{"line":14,"column":null}},"9":{"start":{"line":18,"column":22},"end":{"line":40,"column":1}},"10":{"start":{"line":19,"column":21},"end":{"line":19,"column":31}},"11":{"start":{"line":21,"column":2},"end":{"line":39,"column":3}},"12":{"start":{"line":22,"column":17},"end":{"line":22,"column":65}},"13":{"start":{"line":23,"column":20},"end":{"line":23,"column":36}},"14":{"start":{"line":25,"column":19},"end":{"line":25,"column":67}},"15":{"start":{"line":25,"column":39},"end":{"line":25,"column":66}},"16":{"start":{"line":27,"column":4},"end":{"line":31,"column":5}},"17":{"start":{"line":28,"column":6},"end":{"line":30,"column":null}},"18":{"start":{"line":33,"column":4},"end":{"line":33,"column":null}},"19":{"start":{"line":35,"column":4},"end":{"line":35,"column":null}},"20":{"start":{"line":36,"column":4},"end":{"line":38,"column":null}},"21":{"start":{"line":42,"column":22},"end":{"line":91,"column":1}},"22":{"start":{"line":43,"column":2},"end":{"line":90,"column":3}},"23":{"start":{"line":44,"column":40},"end":{"line":44,"column":48}},"24":{"start":{"line":46,"column":17},"end":{"line":46,"column":65}},"25":{"start":{"line":47,"column":20},"end":{"line":47,"column":36}},"26":{"start":{"line":50,"column":6},"end":{"line":52,"column":11}},"27":{"start":{"line":51,"column":46},"end":{"line":51,"column":59}},"28":{"start":{"line":54,"column":24},"end":{"line":54,"column":77}},"29":{"start":{"line":56,"column":32},"end":{"line":57,"column":null}},"30":{"start":{"line":59,"column":4},"end":{"line":61,"column":5}},"31":{"start":{"line":60,"column":6},"end":{"line":60,"column":null}},"32":{"start":{"line":63,"column":27},"end":{"line":64,"column":null}},"33":{"start":{"line":64,"column":18},"end":{"line":64,"column":68}},"34":{"start":{"line":66,"column":4},"end":{"line":70,"column":5}},"35":{"start":{"line":67,"column":6},"end":{"line":69,"column":null}},"36":{"start":{"line":72,"column":24},"end":{"line":72,"column":54}},"37":{"start":{"line":73,"column":4},"end":{"line":73,"column":null}},"38":{"start":{"line":75,"column":4},"end":{"line":79,"column":null}},"39":{"start":{"line":81,"column":4},"end":{"line":84,"column":null}},"40":{"start":{"line":86,"column":4},"end":{"line":86,"column":null}},"41":{"start":{"line":87,"column":4},"end":{"line":89,"column":null}},"42":{"start":{"line":93,"column":26},"end":{"line":142,"column":1}},"43":{"start":{"line":94,"column":2},"end":{"line":141,"column":3}},"44":{"start":{"line":95,"column":23},"end":{"line":95,"column":33}},"45":{"start":{"line":96,"column":50},"end":{"line":96,"column":58}},"46":{"start":{"line":98,"column":17},"end":{"line":98,"column":65}},"47":{"start":{"line":99,"column":20},"end":{"line":99,"column":36}},"48":{"start":{"line":101,"column":18},"end":{"line":102,"column":null}},"49":{"start":{"line":102,"column":18},"end":{"line":102,"column":50}},"50":{"start":{"line":105,"column":4},"end":{"line":109,"column":5}},"51":{"start":{"line":106,"column":6},"end":{"line":108,"column":null}},"52":{"start":{"line":112,"column":4},"end":{"line":112,"column":null}},"53":{"start":{"line":112,"column":16},"end":{"line":112,"column":null}},"54":{"start":{"line":113,"column":4},"end":{"line":113,"column":null}},"55":{"start":{"line":113,"column":18},"end":{"line":113,"column":null}},"56":{"start":{"line":114,"column":4},"end":{"line":114,"column":null}},"57":{"start":{"line":114,"column":15},"end":{"line":114,"column":null}},"58":{"start":{"line":117,"column":4},"end":{"line":119,"column":5}},"59":{"start":{"line":118,"column":6},"end":{"line":118,"column":null}},"60":{"start":{"line":121,"column":4},"end":{"line":122,"column":null}},"61":{"start":{"line":125,"column":4},"end":{"line":129,"column":null}},"62":{"start":{"line":131,"column":4},"end":{"line":134,"column":null}},"63":{"start":{"line":136,"column":4},"end":{"line":136,"column":null}},"64":{"start":{"line":138,"column":4},"end":{"line":140,"column":null}},"65":{"start":{"line":144,"column":29},"end":{"line":181,"column":1}},"66":{"start":{"line":145,"column":2},"end":{"line":180,"column":3}},"67":{"start":{"line":146,"column":23},"end":{"line":146,"column":33}},"68":{"start":{"line":148,"column":17},"end":{"line":148,"column":65}},"69":{"start":{"line":149,"column":20},"end":{"line":149,"column":36}},"70":{"start":{"line":151,"column":18},"end":{"line":152,"column":null}},"71":{"start":{"line":152,"column":18},"end":{"line":152,"column":50}},"72":{"start":{"line":155,"column":4},"end":{"line":159,"column":5}},"73":{"start":{"line":156,"column":6},"end":{"line":158,"column":null}},"74":{"start":{"line":161,"column":29},"end":{"line":161,"column":43}},"75":{"start":{"line":163,"column":4},"end":{"line":163,"column":null}},"76":{"start":{"line":165,"column":4},"end":{"line":169,"column":null}},"77":{"start":{"line":171,"column":4},"end":{"line":174,"column":null}},"78":{"start":{"line":176,"column":4},"end":{"line":176,"column":null}},"79":{"start":{"line":177,"column":4},"end":{"line":179,"column":null}},"80":{"start":{"line":183,"column":0},"end":{"line":189,"column":null}}},"fnMap":{"0":{"name":"(anonymous_0)","decl":{"start":{"line":4,"column":21},"end":{"line":4,"column":26}},"loc":{"start":{"line":4,"column":40},"end":{"line":16,"column":1}}},"1":{"name":"(anonymous_1)","decl":{"start":{"line":18,"column":22},"end":{"line":18,"column":27}},"loc":{"start":{"line":18,"column":41},"end":{"line":40,"column":1}}},"2":{"name":"(anonymous_2)","decl":{"start":{"line":25,"column":32},"end":{"line":25,"column":33}},"loc":{"start":{"line":25,"column":39},"end":{"line":25,"column":66}}},"3":{"name":"(anonymous_3)","decl":{"start":{"line":42,"column":22},"end":{"line":42,"column":27}},"loc":{"start":{"line":42,"column":41},"end":{"line":91,"column":1}}},"4":{"name":"(anonymous_4)","decl":{"start":{"line":51,"column":34},"end":{"line":51,"column":35}},"loc":{"start":{"line":51,"column":46},"end":{"line":51,"column":59}}},"5":{"name":"(anonymous_5)","decl":{"start":{"line":64,"column":6},"end":{"line":64,"column":7}},"loc":{"start":{"line":64,"column":18},"end":{"line":64,"column":68}}},"6":{"name":"(anonymous_6)","decl":{"start":{"line":93,"column":26},"end":{"line":93,"column":31}},"loc":{"start":{"line":93,"column":45},"end":{"line":142,"column":1}}},"7":{"name":"(anonymous_7)","decl":{"start":{"line":102,"column":6},"end":{"line":102,"column":7}},"loc":{"start":{"line":102,"column":18},"end":{"line":102,"column":50}}},"8":{"name":"(anonymous_8)","decl":{"start":{"line":144,"column":29},"end":{"line":144,"column":34}},"loc":{"start":{"line":144,"column":48},"end":{"line":181,"column":1}}},"9":{"name":"(anonymous_9)","decl":{"start":{"line":152,"column":6},"end":{"line":152,"column":7}},"loc":{"start":{"line":152,"column":18},"end":{"line":152,"column":50}}}},"branchMap":{"0":{"loc":{"start":{"line":27,"column":4},"end":{"line":31,"column":5}},"type":"if","locations":[{"start":{"line":27,"column":4},"end":{"line":31,"column":5}}]},"1":{"loc":{"start":{"line":50,"column":6},"end":{"line":52,"column":11}},"type":"cond-expr","locations":[{"start":{"line":51,"column":10},"end":{"line":51,"column":65}},{"start":{"line":52,"column":10},"end":{"line":52,"column":11}}]},"2":{"loc":{"start":{"line":59,"column":4},"end":{"line":61,"column":5}},"type":"if","locations":[{"start":{"line":59,"column":4},"end":{"line":61,"column":5}}]},"3":{"loc":{"start":{"line":66,"column":4},"end":{"line":70,"column":5}},"type":"if","locations":[{"start":{"line":66,"column":4},"end":{"line":70,"column":5}}]},"4":{"loc":{"start":{"line":105,"column":4},"end":{"line":109,"column":5}},"type":"if","locations":[{"start":{"line":105,"column":4},"end":{"line":109,"column":5}}]},"5":{"loc":{"start":{"line":112,"column":4},"end":{"line":112,"column":null}},"type":"if","locations":[{"start":{"line":112,"column":4},"end":{"line":112,"column":null}}]},"6":{"loc":{"start":{"line":113,"column":4},"end":{"line":113,"column":null}},"type":"if","locations":[{"start":{"line":113,"column":4},"end":{"line":113,"column":null}}]},"7":{"loc":{"start":{"line":114,"column":4},"end":{"line":114,"column":null}},"type":"if","locations":[{"start":{"line":114,"column":4},"end":{"line":114,"column":null}}]},"8":{"loc":{"start":{"line":117,"column":4},"end":{"line":119,"column":5}},"type":"if","locations":[{"start":{"line":117,"column":4},"end":{"line":119,"column":5}}]},"9":{"loc":{"start":{"line":155,"column":4},"end":{"line":159,"column":5}},"type":"if","locations":[{"start":{"line":155,"column":4},"end":{"line":159,"column":5}}]}},"s":{"0":1,"1":1,"2":1,"3":2,"4":2,"5":1,"6":1,"7":1,"8":1,"9":1,"10":3,"11":3,"12":3,"13":2,"14":2,"15":3,"16":2,"17":1,"18":1,"19":1,"20":1,"21":1,"22":4,"23":4,"24":4,"25":3,"26":3,"27":6,"28":3,"29":3,"30":3,"31":1,"32":2,"33":3,"34":2,"35":1,"36":1,"37":1,"38":1,"39":1,"40":1,"41":1,"42":1,"43":3,"44":3,"45":3,"46":3,"47":2,"48":2,"49":3,"50":2,"51":1,"52":1,"53":1,"54":1,"55":1,"56":1,"57":1,"58":1,"59":1,"60":1,"61":1,"62":1,"63":1,"64":1,"65":1,"66":3,"67":3,"68":3,"69":2,"70":2,"71":3,"72":2,"73":1,"74":1,"75":1,"76":1,"77":1,"78":1,"79":1,"80":1},"f":{"0":2,"1":3,"2":3,"3":4,"4":6,"5":3,"6":3,"7":3,"8":3,"9":3},"b":{"0":[1],"1":[3,0],"2":[1],"3":[1],"4":[1],"5":[1],"6":[1],"7":[1],"8":[1],"9":[1]}}
,"/mnt/f/UNI/PROGRAMACION/PROGRAMACION III/Proyectos/TP N°4/tp4-API-REST/core/server.js": {"path":"/mnt/f/UNI/PROGRAMACION/PROGRAMACION III/Proyectos/TP N°4/tp4-API-REST/core/server.js","statementMap":{"0":{"start":{"line":1,"column":16},"end":{"line":1,"column":34}},"1":{"start":{"line":2,"column":13},"end":{"line":2,"column":28}},"2":{"start":{"line":3,"column":0},"end":{"line":3,"column":null}},"3":{"start":{"line":7,"column":4},"end":{"line":7,"column":null}},"4":{"start":{"line":8,"column":4},"end":{"line":8,"column":null}},"5":{"start":{"line":10,"column":4},"end":{"line":10,"column":null}},"6":{"start":{"line":11,"column":4},"end":{"line":11,"column":null}},"7":{"start":{"line":15,"column":4},"end":{"line":15,"column":null}},"8":{"start":{"line":16,"column":4},"end":{"line":16,"column":null}},"9":{"start":{"line":20,"column":4},"end":{"line":20,"column":null}},"10":{"start":{"line":29,"column":4},"end":{"line":33,"column":null}},"11":{"start":{"line":30,"column":6},"end":{"line":32,"column":null}},"12":{"start":{"line":37,"column":4},"end":{"line":39,"column":null}},"13":{"start":{"line":38,"column":6},"end":{"line":38,"column":null}},"14":{"start":{"line":43,"column":0},"end":{"line":43,"column":null}}},"fnMap":{"0":{"name":"(anonymous_0)","decl":{"start":{"line":6,"column":2},"end":{"line":6,"column":null}},"loc":{"start":{"line":6,"column":2},"end":{"line":12,"column":3}}},"1":{"name":"(anonymous_1)","decl":{"start":{"line":14,"column":2},"end":{"line":14,"column":12}},"loc":{"start":{"line":14,"column":12},"end":{"line":17,"column":3}}},"2":{"name":"(anonymous_2)","decl":{"start":{"line":19,"column":2},"end":{"line":19,"column":7}},"loc":{"start":{"line":19,"column":7},"end":{"line":34,"column":3}}},"3":{"name":"(anonymous_3)","decl":{"start":{"line":29,"column":17},"end":{"line":29,"column":18}},"loc":{"start":{"line":29,"column":30},"end":{"line":33,"column":5}}},"4":{"name":"(anonymous_4)","decl":{"start":{"line":36,"column":2},"end":{"line":36,"column":8}},"loc":{"start":{"line":36,"column":8},"end":{"line":40,"column":3}}},"5":{"name":"(anonymous_5)","decl":{"start":{"line":37,"column":42},"end":{"line":37,"column":45}},"loc":{"start":{"line":37,"column":47},"end":{"line":39,"column":5}}}},"branchMap":{"0":{"loc":{"start":{"line":8,"column":16},"end":{"line":8,"column":40}},"type":"binary-expr","locations":[{"start":{"line":8,"column":16},"end":{"line":8,"column":32}},{"start":{"line":8,"column":36},"end":{"line":8,"column":40}}]}},"s":{"0":1,"1":1,"2":1,"3":2,"4":2,"5":2,"6":2,"7":2,"8":2,"9":2,"10":2,"11":1,"12":1,"13":1,"14":1},"f":{"0":2,"1":2,"2":2,"3":1,"4":1,"5":1},"b":{"0":[2,0]}}
,"/mnt/f/UNI/PROGRAMACION/PROGRAMACION III/Proyectos/TP N°4/tp4-API-REST/middleware/alumno-validator.middleware.js": {"path":"/mnt/f/UNI/PROGRAMACION/PROGRAMACION III/Proyectos/TP N°4/tp4-API-REST/middleware/alumno-validator.middleware.js","statementMap":{"0":{"start":{"line":1,"column":28},"end":{"line":43,"column":1}},"1":{"start":{"line":2,"column":48},"end":{"line":2,"column":62}},"2":{"start":{"line":4,"column":18},"end":{"line":4,"column":20}},"3":{"start":{"line":7,"column":2},"end":{"line":9,"column":3}},"4":{"start":{"line":8,"column":4},"end":{"line":8,"column":null}},"5":{"start":{"line":12,"column":2},"end":{"line":14,"column":3}},"6":{"start":{"line":13,"column":4},"end":{"line":13,"column":null}},"7":{"start":{"line":17,"column":2},"end":{"line":28,"column":3}},"8":{"start":{"line":18,"column":4},"end":{"line":20,"column":5}},"9":{"start":{"line":19,"column":6},"end":{"line":19,"column":null}},"10":{"start":{"line":23,"column":23},"end":{"line":23,"column":51}},"11":{"start":{"line":25,"column":4},"end":{"line":27,"column":5}},"12":{"start":{"line":26,"column":6},"end":{"line":26,"column":null}},"13":{"start":{"line":31,"column":2},"end":{"line":33,"column":3}},"14":{"start":{"line":32,"column":4},"end":{"line":32,"column":null}},"15":{"start":{"line":36,"column":2},"end":{"line":40,"column":3}},"16":{"start":{"line":37,"column":4},"end":{"line":39,"column":null}},"17":{"start":{"line":42,"column":2},"end":{"line":42,"column":null}},"18":{"start":{"line":45,"column":0},"end":{"line":47,"column":null}}},"fnMap":{"0":{"name":"(anonymous_0)","decl":{"start":{"line":1,"column":28},"end":{"line":1,"column":29}},"loc":{"start":{"line":1,"column":47},"end":{"line":43,"column":1}}}},"branchMap":{"0":{"loc":{"start":{"line":2,"column":48},"end":{"line":2,"column":62}},"type":"binary-expr","locations":[{"start":{"line":2,"column":48},"end":{"line":2,"column":56}},{"start":{"line":2,"column":60},"end":{"line":2,"column":62}}]},"1":{"loc":{"start":{"line":7,"column":2},"end":{"line":9,"column":3}},"type":"if","locations":[{"start":{"line":7,"column":2},"end":{"line":9,"column":3}}]},"2":{"loc":{"start":{"line":7,"column":6},"end":{"line":7,"column":56}},"type":"binary-expr","locations":[{"start":{"line":7,"column":6},"end":{"line":7,"column":26}},{"start":{"line":7,"column":30},"end":{"line":7,"column":56}}]},"3":{"loc":{"start":{"line":12,"column":2},"end":{"line":14,"column":3}},"type":"if","locations":[{"start":{"line":12,"column":2},"end":{"line":14,"column":3}}]},"4":{"loc":{"start":{"line":12,"column":6},"end":{"line":12,"column":60}},"type":"binary-expr","locations":[{"start":{"line":12,"column":6},"end":{"line":12,"column":28}},{"start":{"line":12,"column":32},"end":{"line":12,"column":60}}]},"5":{"loc":{"start":{"line":17,"column":2},"end":{"line":28,"column":3}},"type":"if","locations":[{"start":{"line":17,"column":2},"end":{"line":28,"column":3}}]},"6":{"loc":{"start":{"line":18,"column":4},"end":{"line":20,"column":5}},"type":"if","locations":[{"start":{"line":18,"column":4},"end":{"line":20,"column":5}}]},"7":{"loc":{"start":{"line":25,"column":4},"end":{"line":27,"column":5}},"type":"if","locations":[{"start":{"line":25,"column":4},"end":{"line":27,"column":5}}]},"8":{"loc":{"start":{"line":31,"column":2},"end":{"line":33,"column":3}},"type":"if","locations":[{"start":{"line":31,"column":2},"end":{"line":33,"column":3}}]},"9":{"loc":{"start":{"line":31,"column":6},"end":{"line":31,"column":61}},"type":"binary-expr","locations":[{"start":{"line":31,"column":6},"end":{"line":31,"column":28}},{"start":{"line":31,"column":32},"end":{"line":31,"column":61}}]},"10":{"loc":{"start":{"line":36,"column":2},"end":{"line":40,"column":3}},"type":"if","locations":[{"start":{"line":36,"column":2},"end":{"line":40,"column":3}}]}},"s":{"0":1,"1":8,"2":8,"3":8,"4":1,"5":8,"6":0,"7":8,"8":5,"9":0,"10":5,"11":5,"12":1,"13":8,"14":0,"15":8,"16":1,"17":7,"18":1},"f":{"0":8},"b":{"0":[8,0],"1":[1],"2":[8,7],"3":[0],"4":[8,4],"5":[5],"6":[0],"7":[1],"8":[0],"9":[8,1],"10":[1]}}
,"/mnt/f/UNI/PROGRAMACION/PROGRAMACION III/Proyectos/TP N°4/tp4-API-REST/models/alumno.model.ts": {"path":"/mnt/f/UNI/PROGRAMACION/PROGRAMACION III/Proyectos/TP N°4/tp4-API-REST/models/alumno.model.ts","statementMap":{"0":{"start":{"line":1,"column":0},"end":{"line":1,"column":46}},"1":{"start":{"line":18,"column":4},"end":{"line":18,"column":null}},"2":{"start":{"line":19,"column":4},"end":{"line":19,"column":null}},"3":{"start":{"line":20,"column":4},"end":{"line":20,"column":null}},"4":{"start":{"line":21,"column":4},"end":{"line":21,"column":null}},"5":{"start":{"line":22,"column":4},"end":{"line":22,"column":null}},"6":{"start":{"line":27,"column":4},"end":{"line":27,"column":null}},"7":{"start":{"line":31,"column":4},"end":{"line":31,"column":null}},"8":{"start":{"line":34,"column":4},"end":{"line":34,"column":null}},"9":{"start":{"line":38,"column":4},"end":{"line":38,"column":null}},"10":{"start":{"line":41,"column":4},"end":{"line":41,"column":null}},"11":{"start":{"line":46,"column":30},"end":{"line":46,"column":32}},"12":{"start":{"line":48,"column":4},"end":{"line":50,"column":5}},"13":{"start":{"line":49,"column":6},"end":{"line":49,"column":null}},"14":{"start":{"line":51,"column":4},"end":{"line":53,"column":5}},"15":{"start":{"line":52,"column":6},"end":{"line":52,"column":null}},"16":{"start":{"line":54,"column":4},"end":{"line":56,"column":5}},"17":{"start":{"line":55,"column":6},"end":{"line":55,"column":null}},"18":{"start":{"line":57,"column":4},"end":{"line":59,"column":5}},"19":{"start":{"line":58,"column":6},"end":{"line":58,"column":null}},"20":{"start":{"line":61,"column":4},"end":{"line":64,"column":null}},"21":{"start":{"line":77,"column":4},"end":{"line":85,"column":null}},"22":{"start":{"line":3,"column":0},"end":{"line":3,"column":13}}},"fnMap":{"0":{"name":"(anonymous_0)","decl":{"start":{"line":9,"column":2},"end":{"line":9,"column":null}},"loc":{"start":{"line":16,"column":28},"end":{"line":23,"column":3}}},"1":{"name":"(anonymous_1)","decl":{"start":{"line":26,"column":9},"end":{"line":26,"column":18}},"loc":{"start":{"line":26,"column":18},"end":{"line":28,"column":3}}},"2":{"name":"(anonymous_2)","decl":{"start":{"line":30,"column":9},"end":{"line":30,"column":20}},"loc":{"start":{"line":30,"column":20},"end":{"line":32,"column":3}}},"3":{"name":"(anonymous_3)","decl":{"start":{"line":33,"column":9},"end":{"line":33,"column":20}},"loc":{"start":{"line":33,"column":36},"end":{"line":35,"column":3}}},"4":{"name":"(anonymous_4)","decl":{"start":{"line":37,"column":9},"end":{"line":37,"column":24}},"loc":{"start":{"line":37,"column":24},"end":{"line":39,"column":3}}},"5":{"name":"(anonymous_5)","decl":{"start":{"line":40,"column":9},"end":{"line":40,"column":24}},"loc":{"start":{"line":40,"column":38},"end":{"line":42,"column":3}}},"6":{"name":"(anonymous_6)","decl":{"start":{"line":45,"column":2},"end":{"line":45,"column":8}},"loc":{"start":{"line":45,"column":26},"end":{"line":65,"column":3}}},"7":{"name":"(anonymous_7)","decl":{"start":{"line":68,"column":18},"end":{"line":68,"column":34}},"loc":{"start":{"line":68,"column":34},"end":{"line":86,"column":3}}}},"branchMap":{"0":{"loc":{"start":{"line":14,"column":4},"end":{"line":14,"column":62}},"type":"default-arg","locations":[{"start":{"line":14,"column":24},"end":{"line":14,"column":62}}]},"1":{"loc":{"start":{"line":15,"column":4},"end":{"line":15,"column":65}},"type":"default-arg","locations":[{"start":{"line":15,"column":27},"end":{"line":15,"column":65}}]},"2":{"loc":{"start":{"line":16,"column":4},"end":{"line":16,"column":28}},"type":"default-arg","locations":[{"start":{"line":16,"column":24},"end":{"line":16,"column":28}}]},"3":{"loc":{"start":{"line":48,"column":4},"end":{"line":50,"column":5}},"type":"if","locations":[{"start":{"line":48,"column":4},"end":{"line":50,"column":5}}]},"4":{"loc":{"start":{"line":48,"column":8},"end":{"line":48,"column":55}},"type":"binary-expr","locations":[{"start":{"line":48,"column":8},"end":{"line":48,"column":20}},{"start":{"line":48,"column":24},"end":{"line":48,"column":55}}]},"5":{"loc":{"start":{"line":51,"column":4},"end":{"line":53,"column":5}},"type":"if","locations":[{"start":{"line":51,"column":4},"end":{"line":53,"column":5}}]},"6":{"loc":{"start":{"line":51,"column":8},"end":{"line":51,"column":55}},"type":"binary-expr","locations":[{"start":{"line":51,"column":8},"end":{"line":51,"column":20}},{"start":{"line":51,"column":24},"end":{"line":51,"column":55}}]},"7":{"loc":{"start":{"line":54,"column":4},"end":{"line":56,"column":5}},"type":"if","locations":[{"start":{"line":54,"column":4},"end":{"line":56,"column":5}}]},"8":{"loc":{"start":{"line":54,"column":8},"end":{"line":54,"column":59}},"type":"binary-expr","locations":[{"start":{"line":54,"column":8},"end":{"line":54,"column":22}},{"start":{"line":54,"column":26},"end":{"line":54,"column":59}}]},"9":{"loc":{"start":{"line":57,"column":4},"end":{"line":59,"column":5}},"type":"if","locations":[{"start":{"line":57,"column":4},"end":{"line":59,"column":5}}]},"10":{"loc":{"start":{"line":57,"column":8},"end":{"line":57,"column":48}},"type":"binary-expr","locations":[{"start":{"line":57,"column":8},"end":{"line":57,"column":19}},{"start":{"line":57,"column":23},"end":{"line":57,"column":48}}]}},"s":{"0":2,"1":7,"2":7,"3":7,"4":7,"5":7,"6":1,"7":2,"8":1,"9":2,"10":1,"11":5,"12":5,"13":1,"14":5,"15":2,"16":5,"17":2,"18":5,"19":2,"20":5,"21":6,"22":2},"f":{"0":7,"1":1,"2":2,"3":1,"4":2,"5":1,"6":5,"7":6},"b":{"0":[5],"1":[5],"2":[5],"3":[1],"4":[5,5],"5":[2],"6":[5,3],"7":[2],"8":[5,3],"9":[2],"10":[5,4]}}
,"/mnt/f/UNI/PROGRAMACION/PROGRAMACION III/Proyectos/TP N°4/tp4-API-REST/models/persona.model.ts": {"path":"/mnt/f/UNI/PROGRAMACION/PROGRAMACION III/Proyectos/TP N°4/tp4-API-REST/models/persona.model.ts","statementMap":{"0":{"start":{"line":3,"column":14},"end":{"line":3,"column":28}},"1":{"start":{"line":4,"column":14},"end":{"line":4,"column":30}},"2":{"start":{"line":5,"column":14},"end":{"line":5,"column":27}},"3":{"start":{"line":10,"column":4},"end":{"line":10,"column":null}},"4":{"start":{"line":13,"column":4},"end":{"line":13,"column":null}},"5":{"start":{"line":18,"column":4},"end":{"line":18,"column":null}},"6":{"start":{"line":21,"column":4},"end":{"line":21,"column":null}},"7":{"start":{"line":26,"column":4},"end":{"line":26,"column":null}},"8":{"start":{"line":31,"column":4},"end":{"line":31,"column":null}},"9":{"start":{"line":34,"column":4},"end":{"line":34,"column":null}},"10":{"start":{"line":39,"column":4},"end":{"line":43,"column":null}},"11":{"start":{"line":1,"column":0},"end":{"line":1,"column":13}}},"fnMap":{"0":{"name":"(anonymous_0)","decl":{"start":{"line":2,"column":2},"end":{"line":2,"column":null}},"loc":{"start":{"line":5,"column":27},"end":{"line":6,"column":6}}},"1":{"name":"(anonymous_1)","decl":{"start":{"line":9,"column":9},"end":{"line":9,"column":18}},"loc":{"start":{"line":9,"column":18},"end":{"line":11,"column":3}}},"2":{"name":"(anonymous_2)","decl":{"start":{"line":12,"column":9},"end":{"line":12,"column":18}},"loc":{"start":{"line":12,"column":33},"end":{"line":14,"column":3}}},"3":{"name":"(anonymous_3)","decl":{"start":{"line":17,"column":9},"end":{"line":17,"column":20}},"loc":{"start":{"line":17,"column":20},"end":{"line":19,"column":3}}},"4":{"name":"(anonymous_4)","decl":{"start":{"line":20,"column":9},"end":{"line":20,"column":20}},"loc":{"start":{"line":20,"column":37},"end":{"line":22,"column":3}}},"5":{"name":"(anonymous_5)","decl":{"start":{"line":25,"column":9},"end":{"line":25,"column":26}},"loc":{"start":{"line":25,"column":26},"end":{"line":27,"column":3}}},"6":{"name":"(anonymous_6)","decl":{"start":{"line":30,"column":9},"end":{"line":30,"column":17}},"loc":{"start":{"line":30,"column":17},"end":{"line":32,"column":3}}},"7":{"name":"(anonymous_7)","decl":{"start":{"line":33,"column":9},"end":{"line":33,"column":17}},"loc":{"start":{"line":33,"column":31},"end":{"line":35,"column":3}}},"8":{"name":"(anonymous_8)","decl":{"start":{"line":38,"column":9},"end":{"line":38,"column":25}},"loc":{"start":{"line":38,"column":25},"end":{"line":44,"column":3}}}},"branchMap":{},"s":{"0":10,"1":10,"2":10,"3":2,"4":1,"5":2,"6":1,"7":2,"8":2,"9":1,"10":1,"11":2},"f":{"0":10,"1":2,"2":1,"3":2,"4":1,"5":2,"6":2,"7":1,"8":1},"b":{}}
}
