TN:
SF:controllers/alumno.controller.js
FN:4,(anonymous_0)
FN:18,(anonymous_1)
FN:25,(anonymous_2)
FN:42,(anonymous_3)
FN:51,(anonymous_4)
FN:64,(anonymous_5)
FN:93,(anonymous_6)
FN:102,(anonymous_7)
FN:144,(anonymous_8)
FN:152,(anonymous_9)
FNF:10
FNH:10
FNDA:2,(anonymous_0)
FNDA:3,(anonymous_1)
FNDA:3,(anonymous_2)
FNDA:4,(anonymous_3)
FNDA:6,(anonymous_4)
FNDA:3,(anonymous_5)
FNDA:3,(anonymous_6)
FNDA:3,(anonymous_7)
FNDA:3,(anonymous_8)
FNDA:3,(anonymous_9)
DA:1,1
DA:2,1
DA:4,1
DA:5,2
DA:6,2
DA:7,1
DA:9,1
DA:11,1
DA:12,1
DA:18,1
DA:19,3
DA:21,3
DA:22,3
DA:23,2
DA:25,3
DA:27,2
DA:28,1
DA:33,1
DA:35,1
DA:36,1
DA:42,1
DA:43,4
DA:44,4
DA:46,4
DA:47,3
DA:50,3
DA:51,6
DA:54,3
DA:56,3
DA:59,3
DA:60,1
DA:63,2
DA:64,3
DA:66,2
DA:67,1
DA:72,1
DA:73,1
DA:75,1
DA:81,1
DA:86,1
DA:87,1
DA:93,1
DA:94,3
DA:95,3
DA:96,3
DA:98,3
DA:99,2
DA:101,2
DA:102,3
DA:105,2
DA:106,1
DA:112,1
DA:113,1
DA:114,1
DA:117,1
DA:118,1
DA:121,1
DA:125,1
DA:131,1
DA:136,1
DA:138,1
DA:144,1
DA:145,3
DA:146,3
DA:148,3
DA:149,2
DA:151,2
DA:152,3
DA:155,2
DA:156,1
DA:161,1
DA:163,1
DA:165,1
DA:171,1
DA:176,1
DA:177,1
DA:183,1
LF:77
LH:77
BRDA:27,0,0,1
BRDA:50,1,0,3
BRDA:50,1,1,0
BRDA:59,2,0,1
BRDA:66,3,0,1
BRDA:105,4,0,1
BRDA:112,5,0,1
BRDA:113,6,0,1
BRDA:114,7,0,1
BRDA:117,8,0,1
BRDA:155,9,0,1
BRF:11
BRH:10
end_of_record
TN:
SF:core/server.js
FN:6,(anonymous_0)
FN:14,(anonymous_1)
FN:19,(anonymous_2)
FN:29,(anonymous_3)
FN:36,(anonymous_4)
FN:37,(anonymous_5)
FNF:6
FNH:6
FNDA:2,(anonymous_0)
FNDA:2,(anonymous_1)
FNDA:2,(anonymous_2)
FNDA:1,(anonymous_3)
FNDA:1,(anonymous_4)
FNDA:1,(anonymous_5)
DA:1,1
DA:2,1
DA:3,1
DA:7,2
DA:8,2
DA:10,2
DA:11,2
DA:15,2
DA:16,2
DA:20,2
DA:29,2
DA:30,1
DA:37,1
DA:38,1
DA:43,1
LF:15
LH:15
BRDA:8,0,0,2
BRDA:8,0,1,0
BRF:2
BRH:1
end_of_record
TN:
SF:middleware/alumno-validator.middleware.js
FN:1,(anonymous_0)
FNF:1
FNH:1
FNDA:8,(anonymous_0)
DA:1,1
DA:2,8
DA:4,8
DA:7,8
DA:8,1
DA:12,8
DA:13,0
DA:17,8
DA:18,5
DA:19,0
DA:23,5
DA:25,5
DA:26,1
DA:31,8
DA:32,0
DA:36,8
DA:37,1
DA:42,7
DA:45,1
LF:19
LH:16
BRDA:2,0,0,8
BRDA:2,0,1,0
BRDA:7,1,0,1
BRDA:7,2,0,8
BRDA:7,2,1,7
BRDA:12,3,0,0
BRDA:12,4,0,8
BRDA:12,4,1,4
BRDA:17,5,0,5
BRDA:18,6,0,0
BRDA:25,7,0,1
BRDA:31,8,0,0
BRDA:31,9,0,8
BRDA:31,9,1,1
BRDA:36,10,0,1
BRF:15
BRH:11
end_of_record
TN:
SF:models/alumno.model.ts
FN:9,(anonymous_0)
FN:26,(anonymous_1)
FN:30,(anonymous_2)
FN:33,(anonymous_3)
FN:37,(anonymous_4)
FN:40,(anonymous_5)
FN:45,(anonymous_6)
FN:68,(anonymous_7)
FNF:8
FNH:8
FNDA:7,(anonymous_0)
FNDA:1,(anonymous_1)
FNDA:2,(anonymous_2)
FNDA:1,(anonymous_3)
FNDA:2,(anonymous_4)
FNDA:1,(anonymous_5)
FNDA:5,(anonymous_6)
FNDA:6,(anonymous_7)
DA:1,2
DA:3,2
DA:18,7
DA:19,7
DA:20,7
DA:21,7
DA:22,7
DA:27,1
DA:31,2
DA:34,1
DA:38,2
DA:41,1
DA:46,5
DA:48,5
DA:49,1
DA:51,5
DA:52,2
DA:54,5
DA:55,2
DA:57,5
DA:58,2
DA:61,5
DA:77,6
LF:23
LH:23
BRDA:14,0,0,5
BRDA:15,1,0,5
BRDA:16,2,0,5
BRDA:48,3,0,1
BRDA:48,4,0,5
BRDA:48,4,1,5
BRDA:51,5,0,2
BRDA:51,6,0,5
BRDA:51,6,1,3
BRDA:54,7,0,2
BRDA:54,8,0,5
BRDA:54,8,1,3
BRDA:57,9,0,2
BRDA:57,10,0,5
BRDA:57,10,1,4
BRF:15
BRH:15
end_of_record
TN:
SF:models/persona.model.ts
FN:2,(anonymous_0)
FN:9,(anonymous_1)
FN:12,(anonymous_2)
FN:17,(anonymous_3)
FN:20,(anonymous_4)
FN:25,(anonymous_5)
FN:30,(anonymous_6)
FN:33,(anonymous_7)
FN:38,(anonymous_8)
FNF:9
FNH:9
FNDA:10,(anonymous_0)
FNDA:2,(anonymous_1)
FNDA:1,(anonymous_2)
FNDA:2,(anonymous_3)
FNDA:1,(anonymous_4)
FNDA:2,(anonymous_5)
FNDA:2,(anonymous_6)
FNDA:1,(anonymous_7)
FNDA:1,(anonymous_8)
DA:1,2
DA:3,10
DA:4,10
DA:5,10
DA:10,2
DA:13,1
DA:18,2
DA:21,1
DA:26,2
DA:31,2
DA:34,1
DA:39,1
LF:12
LH:12
BRF:0
BRH:0
end_of_record
